<?xml version="1.0" encoding="UTF-8"?>
<testng-results ignored="0" total="0" passed="0" failed="0" skipped="0">
  <reporter-output>
  </reporter-output>
  <suite started-at="2020-05-16T14:25:10Z" name="Surefire suite" finished-at="2020-05-16T14:25:16Z" duration-ms="5875">
    <groups>
    </groups>
    <test started-at="2020-05-16T14:25:10Z" name="Surefire test" finished-at="2020-05-16T14:25:16Z" duration-ms="5875">
      <class name="Base.TestBase">
        <test-method is-config="true" signature="launchBrowser(java.lang.String)[pri:0, instance:Base.TestBase@1da51a35]" started-at="2020-05-16T14:25:10Z" name="launchBrowser" finished-at="2020-05-16T14:25:16Z" duration-ms="5875" status="PASS">
          <params>
            <param index="0">
              <value>
                <![CDATA[chrome]]>
              </value>
            </param>
          </params>
          <reporter-output>
          </reporter-output>
        </test-method> <!-- launchBrowser -->
      </class> <!-- Base.TestBase -->
    </test> <!-- Surefire test -->
  </suite> <!-- Surefire suite -->
</testng-results>
